# JRE version: OpenJDK Runtime Environment Homebrew (17.0.18) (build 17.0.18+0)
# Java VM: OpenJDK 64-Bit Server VM Homebrew (17.0.18+0, mixed mode, sharing, tiered, compressed oops, compressed class ptrs, g1 gc, bsd-amd64)
GC Precious Log:
 CPUs: 12 total, 12 available
 Memory: 16384M
 Large Page Support: Disabled
 NUMA Support: Disabled
 Compressed Oops: Enabled (Zero based)
 Heap Region Size: 2M
 Heap Min Capacity: 8M
 Heap Initial Capacity: 256M
 Heap Max Capacity: 4G
 Pre-touch: Disabled
 Parallel Workers: 10
 Concurrent Workers: 3
 Concurrent Refinement Workers: 10
 Periodic GC: Disabled
Heap:
 garbage-first heap   total 141312K, used 60648K [0x0000000700000000, 0x0000000800000000)
  region size 2048K, 7 young (14336K), 2 survivors (4096K)
 Metaspace       used 38837K, committed 39232K, reserved 1114112K
  class space    used 4967K, committed 5120K, reserved 1048576K
GC Heap History (20 events):
Event: 77.039 GC heap before
{Heap before GC invocations=42 (full 0):
 garbage-first heap   total 116736K, used 53699K [0x0000000700000000, 0x0000000800000000)
  region size 2048K, 3 young (6144K), 2 survivors (4096K)
 Metaspace       used 38395K, committed 38784K, reserved 1114112K
  class space    used 4965K, committed 5120K, reserved 1048576K
}
Event: 77.041 GC heap after
{Heap after GC invocations=43 (full 0):
 garbage-first heap   total 141312K, used 46886K [0x0000000700000000, 0x0000000800000000)
  region size 2048K, 2 young (4096K), 2 survivors (4096K)
 Metaspace       used 38395K, committed 38784K, reserved 1114112K
  class space    used 4965K, committed 5120K, reserved 1048576K
}
Event: 77.192 GC heap before
{Heap before GC invocations=43 (full 0):
 garbage-first heap   total 141312K, used 65318K [0x0000000700000000, 0x0000000800000000)
  region size 2048K, 4 young (8192K), 2 survivors (4096K)
 Metaspace       used 38402K, committed 38784K, reserved 1114112K
  class space    used 4965K, committed 5120K, reserved 1048576K
}
Event: 77.193 GC heap after
{Heap after GC invocations=44 (full 0):
 garbage-first heap   total 141312K, used 47326K [0x0000000700000000, 0x0000000800000000)
  region size 2048K, 1 young (2048K), 1 survivors (2048K)
 Metaspace       used 38402K, committed 38784K, reserved 1114112K
  class space    used 4965K, committed 5120K, reserved 1048576K
}
Event: 80.568 GC heap before
{Heap before GC invocations=44 (full 0):
 garbage-first heap   total 141312K, used 94430K [0x0000000700000000, 0x0000000800000000)
  region size 2048K, 19 young (38912K), 1 survivors (2048K)
 Metaspace       used 38485K, committed 38848K, reserved 1114112K
  class space    used 4966K, committed 5120K, reserved 1048576K
}
Event: 80.569 GC heap after
{Heap after GC invocations=45 (full 0):
 garbage-first heap   total 141312K, used 49902K [0x0000000700000000, 0x0000000800000000)
  region size 2048K, 1 young (2048K), 1 survivors (2048K)
 Metaspace       used 38485K, committed 38848K, reserved 1114112K
  class space    used 4966K, committed 5120K, reserved 1048576K
}
Event: 80.824 GC heap before
{Heap before GC invocations=45 (full 0):
 garbage-first heap   total 141312K, used 78574K [0x0000000700000000, 0x0000000800000000)
  region size 2048K, 12 young (24576K), 1 survivors (2048K)
 Metaspace       used 38503K, committed 38848K, reserved 1114112K
  class space    used 4966K, committed 5120K, reserved 1048576K
}
Event: 80.825 GC heap after
{Heap after GC invocations=46 (full 0):
 garbage-first heap   total 141312K, used 50038K [0x0000000700000000, 0x0000000800000000)
  region size 2048K, 1 young (2048K), 1 survivors (2048K)
 Metaspace       used 38503K, committed 38848K, reserved 1114112K
  class space    used 4966K, committed 5120K, reserved 1048576K
}
Event: 83.197 GC heap before
{Heap before GC invocations=46 (full 0):
 garbage-first heap   total 141312K, used 125814K [0x0000000700000000, 0x0000000800000000)
  region size 2048K, 33 young (67584K), 1 survivors (2048K)
 Metaspace       used 38583K, committed 38976K, reserved 1114112K
  class space    used 4966K, committed 5120K, reserved 1048576K
}
Event: 83.198 GC heap after
{Heap after GC invocations=47 (full 0):
 garbage-first heap   total 141312K, used 50274K [0x0000000700000000, 0x0000000800000000)
  region size 2048K, 2 young (4096K), 2 survivors (4096K)
 Metaspace       used 38583K, committed 38976K, reserved 1114112K
  class space    used 4966K, committed 5120K, reserved 1048576K
}
Event: 86.011 GC heap before
{Heap before GC invocations=47 (full 0):
 garbage-first heap   total 141312K, used 91234K [0x0000000700000000, 0x0000000800000000)
  region size 2048K, 17 young (34816K), 2 survivors (4096K)
 Metaspace       used 38608K, committed 38976K, reserved 1114112K
  class space    used 4966K, committed 5120K, reserved 1048576K
}
Event: 86.013 GC heap after
{Heap after GC invocations=48 (full 0):
 garbage-first heap   total 141312K, used 50631K [0x0000000700000000, 0x0000000800000000)
  region size 2048K, 2 young (4096K), 2 survivors (4096K)
 Metaspace       used 38608K, committed 38976K, reserved 1114112K
  class space    used 4966K, committed 5120K, reserved 1048576K
}
Event: 89.227 GC heap before
{Heap before GC invocations=48 (full 0):
 garbage-first heap   total 141312K, used 95687K [0x0000000700000000, 0x0000000800000000)
  region size 2048K, 19 young (38912K), 2 survivors (4096K)
 Metaspace       used 38630K, committed 38976K, reserved 1114112K
  class space    used 4967K, committed 5120K, reserved 1048576K
}
Event: 89.228 GC heap after
{Heap after GC invocations=49 (full 0):
 garbage-first heap   total 141312K, used 50295K [0x0000000700000000, 0x0000000800000000)
  region size 2048K, 2 young (4096K), 2 survivors (4096K)
 Metaspace       used 38630K, committed 38976K, reserved 1114112K
  class space    used 4967K, committed 5120K, reserved 1048576K
}
Event: 91.284 GC heap before
{Heap before GC invocations=50 (full 0):
 garbage-first heap   total 141312K, used 89207K [0x0000000700000000, 0x0000000800000000)
  region size 2048K, 16 young (32768K), 2 survivors (4096K)
 Metaspace       used 38678K, committed 39040K, reserved 1114112K
  class space    used 4967K, committed 5120K, reserved 1048576K
}
Event: 91.285 GC heap after
{Heap after GC invocations=51 (full 0):
 garbage-first heap   total 141312K, used 44114K [0x0000000700000000, 0x0000000800000000)
  region size 2048K, 1 young (2048K), 1 survivors (2048K)
 Metaspace       used 38678K, committed 39040K, reserved 1114112K
  class space    used 4967K, committed 5120K, reserved 1048576K
}
Event: 98.052 GC heap before
{Heap before GC invocations=52 (full 0):
 garbage-first heap   total 141312K, used 132178K [0x0000000700000000, 0x0000000800000000)
  region size 2048K, 37 young (75776K), 1 survivors (2048K)
 Metaspace       used 38757K, committed 39104K, reserved 1114112K
  class space    used 4967K, committed 5120K, reserved 1048576K
}
Event: 98.054 GC heap after
{Heap after GC invocations=53 (full 0):
 garbage-first heap   total 141312K, used 43884K [0x0000000700000000, 0x0000000800000000)
  region size 2048K, 1 young (2048K), 1 survivors (2048K)
 Metaspace       used 38757K, committed 39104K, reserved 1114112K
  class space    used 4967K, committed 5120K, reserved 1048576K
}
Event: 106.482 GC heap before
{Heap before GC invocations=53 (full 0):
 garbage-first heap   total 141312K, used 95084K [0x0000000700000000, 0x0000000800000000)
  region size 2048K, 19 young (38912K), 1 survivors (2048K)
 Metaspace       used 38817K, committed 39168K, reserved 1114112K
  class space    used 4967K, committed 5120K, reserved 1048576K
}
Event: 106.484 GC heap after
{Heap after GC invocations=54 (full 0):
 garbage-first heap   total 141312K, used 44264K [0x0000000700000000, 0x0000000800000000)
  region size 2048K, 2 young (4096K), 2 survivors (4096K)
 Metaspace       used 38817K, committed 39168K, reserved 1114112K
  class space    used 4967K, committed 5120K, reserved 1048576K
}

