# JRE version: OpenJDK Runtime Environment Homebrew (17.0.18) (build 17.0.18+0)
# Java VM: OpenJDK 64-Bit Server VM Homebrew (17.0.18+0, mixed mode, sharing, tiered, compressed oops, compressed class ptrs, g1 gc, bsd-amd64)
GC Precious Log:
 CPUs: 12 total, 12 available
 Memory: 16384M
 Large Page Support: Disabled
 NUMA Support: Disabled
 Compressed Oops: Enabled (Zero based)
 Heap Region Size: 2M
 Heap Min Capacity: 8M
 Heap Initial Capacity: 256M
 Heap Max Capacity: 4G
 Pre-touch: Disabled
 Parallel Workers: 10
 Concurrent Workers: 3
 Concurrent Refinement Workers: 10
 Periodic GC: Disabled
Heap:
 garbage-first heap   total 172032K, used 67027K [0x0000000700000000, 0x0000000800000000)
  region size 2048K, 7 young (14336K), 1 survivors (2048K)
 Metaspace       used 37695K, committed 38144K, reserved 1114112K
  class space    used 4881K, committed 5120K, reserved 1048576K
GC Heap History (20 events):
Event: 71.130 GC heap before
{Heap before GC invocations=6 (full 0):
 garbage-first heap   total 96256K, used 28716K [0x0000000700000000, 0x0000000800000000)
  region size 2048K, 5 young (10240K), 4 survivors (8192K)
 Metaspace       used 33546K, committed 33856K, reserved 1114112K
  class space    used 4653K, committed 4800K, reserved 1048576K
}
Event: 71.133 GC heap after
{Heap after GC invocations=7 (full 0):
 garbage-first heap   total 96256K, used 30686K [0x0000000700000000, 0x0000000800000000)
  region size 2048K, 1 young (2048K), 1 survivors (2048K)
 Metaspace       used 33546K, committed 33856K, reserved 1114112K
  class space    used 4653K, committed 4800K, reserved 1048576K
}
Event: 72.446 GC heap before
{Heap before GC invocations=7 (full 0):
 garbage-first heap   total 96256K, used 63454K [0x0000000700000000, 0x0000000800000000)
  region size 2048K, 16 young (32768K), 1 survivors (2048K)
 Metaspace       used 34964K, committed 35328K, reserved 1114112K
  class space    used 4732K, committed 4928K, reserved 1048576K
}
Event: 72.448 GC heap after
{Heap after GC invocations=8 (full 0):
 garbage-first heap   total 96256K, used 32259K [0x0000000700000000, 0x0000000800000000)
  region size 2048K, 1 young (2048K), 1 survivors (2048K)
 Metaspace       used 34964K, committed 35328K, reserved 1114112K
  class space    used 4732K, committed 4928K, reserved 1048576K
}
Event: 80.712 GC heap before
{Heap before GC invocations=8 (full 0):
 garbage-first heap   total 96256K, used 58883K [0x0000000700000000, 0x0000000800000000)
  region size 2048K, 14 young (28672K), 1 survivors (2048K)
 Metaspace       used 35829K, committed 36160K, reserved 1114112K
  class space    used 4771K, committed 4928K, reserved 1048576K
}
Event: 80.714 GC heap after
{Heap after GC invocations=9 (full 0):
 garbage-first heap   total 96256K, used 34981K [0x0000000700000000, 0x0000000800000000)
  region size 2048K, 2 young (4096K), 2 survivors (4096K)
 Metaspace       used 35829K, committed 36160K, reserved 1114112K
  class space    used 4771K, committed 4928K, reserved 1048576K
}
Event: 91.933 GC heap before
{Heap before GC invocations=10 (full 0):
 garbage-first heap   total 96256K, used 61605K [0x0000000700000000, 0x0000000800000000)
  region size 2048K, 17 young (34816K), 2 survivors (4096K)
 Metaspace       used 36186K, committed 36608K, reserved 1114112K
  class space    used 4780K, committed 4992K, reserved 1048576K
}
Event: 91.936 GC heap after
{Heap after GC invocations=11 (full 0):
 garbage-first heap   total 96256K, used 34259K [0x0000000700000000, 0x0000000800000000)
  region size 2048K, 2 young (4096K), 2 survivors (4096K)
 Metaspace       used 36186K, committed 36608K, reserved 1114112K
  class space    used 4780K, committed 4992K, reserved 1048576K
}
Event: 92.232 GC heap before
{Heap before GC invocations=11 (full 0):
 garbage-first heap   total 96256K, used 62931K [0x0000000700000000, 0x0000000800000000)
  region size 2048K, 15 young (30720K), 2 survivors (4096K)
 Metaspace       used 36427K, committed 36864K, reserved 1114112K
  class space    used 4783K, committed 4992K, reserved 1048576K
}
Event: 92.234 GC heap after
{Heap after GC invocations=12 (full 0):
 garbage-first heap   total 96256K, used 37660K [0x0000000700000000, 0x0000000800000000)
  region size 2048K, 3 young (6144K), 3 survivors (6144K)
 Metaspace       used 36427K, committed 36864K, reserved 1114112K
  class space    used 4783K, committed 4992K, reserved 1048576K
}
Event: 92.511 GC heap before
{Heap before GC invocations=12 (full 0):
 garbage-first heap   total 96256K, used 58140K [0x0000000700000000, 0x0000000800000000)
  region size 2048K, 12 young (24576K), 3 survivors (6144K)
 Metaspace       used 36454K, committed 36864K, reserved 1114112K
  class space    used 4784K, committed 4992K, reserved 1048576K
}
Event: 92.513 GC heap after
{Heap after GC invocations=13 (full 0):
 garbage-first heap   total 96256K, used 39427K [0x0000000700000000, 0x0000000800000000)
  region size 2048K, 1 young (2048K), 1 survivors (2048K)
 Metaspace       used 36454K, committed 36864K, reserved 1114112K
  class space    used 4784K, committed 4992K, reserved 1048576K
}
Event: 92.525 GC heap before
{Heap before GC invocations=13 (full 0):
 garbage-first heap   total 96256K, used 43523K [0x0000000700000000, 0x0000000800000000)
  region size 2048K, 2 young (4096K), 1 survivors (2048K)
 Metaspace       used 36454K, committed 36864K, reserved 1114112K
  class space    used 4784K, committed 4992K, reserved 1048576K
}
Event: 92.526 GC heap after
{Heap after GC invocations=14 (full 0):
 garbage-first heap   total 96256K, used 37346K [0x0000000700000000, 0x0000000800000000)
  region size 2048K, 1 young (2048K), 1 survivors (2048K)
 Metaspace       used 36454K, committed 36864K, reserved 1114112K
  class space    used 4784K, committed 4992K, reserved 1048576K
}
Event: 92.908 GC heap before
{Heap before GC invocations=14 (full 0):
 garbage-first heap   total 96256K, used 41442K [0x0000000700000000, 0x0000000800000000)
  region size 2048K, 4 young (8192K), 1 survivors (2048K)
 Metaspace       used 36480K, committed 36864K, reserved 1114112K
  class space    used 4784K, committed 4992K, reserved 1048576K
}
Event: 92.909 GC heap after
{Heap after GC invocations=15 (full 0):
 garbage-first heap   total 210944K, used 36819K [0x0000000700000000, 0x0000000800000000)
  region size 2048K, 1 young (2048K), 1 survivors (2048K)
 Metaspace       used 36480K, committed 36864K, reserved 1114112K
  class space    used 4784K, committed 4992K, reserved 1048576K
}
Event: 99.485 GC heap before
{Heap before GC invocations=15 (full 0):
 garbage-first heap   total 210944K, used 133075K [0x0000000700000000, 0x0000000800000000)
  region size 2048K, 28 young (57344K), 1 survivors (2048K)
 Metaspace       used 37441K, committed 37888K, reserved 1114112K
  class space    used 4880K, committed 5120K, reserved 1048576K
}
Event: 99.518 GC heap after
{Heap after GC invocations=16 (full 1):
 garbage-first heap   total 172032K, used 43739K [0x0000000700000000, 0x0000000800000000)
  region size 2048K, 0 young (0K), 0 survivors (0K)
 Metaspace       used 37441K, committed 37888K, reserved 1114112K
  class space    used 4880K, committed 5120K, reserved 1048576K
}
Event: 101.527 GC heap before
{Heap before GC invocations=16 (full 1):
 garbage-first heap   total 172032K, used 86747K [0x0000000700000000, 0x0000000800000000)
  region size 2048K, 10 young (20480K), 0 survivors (0K)
 Metaspace       used 37553K, committed 38016K, reserved 1114112K
  class space    used 4881K, committed 5120K, reserved 1048576K
}
Event: 101.528 GC heap after
{Heap after GC invocations=17 (full 1):
 garbage-first heap   total 172032K, used 52691K [0x0000000700000000, 0x0000000800000000)
  region size 2048K, 1 young (2048K), 1 survivors (2048K)
 Metaspace       used 37553K, committed 38016K, reserved 1114112K
  class space    used 4881K, committed 5120K, reserved 1048576K
}

