# JRE version: OpenJDK Runtime Environment Homebrew (17.0.18) (build 17.0.18+0)
# Java VM: OpenJDK 64-Bit Server VM Homebrew (17.0.18+0, mixed mode, sharing, tiered, compressed oops, compressed class ptrs, g1 gc, bsd-amd64)
GC Precious Log:
 CPUs: 12 total, 12 available
 Memory: 16384M
 Large Page Support: Disabled
 NUMA Support: Disabled
 Compressed Oops: Enabled (Zero based)
 Heap Region Size: 2M
 Heap Min Capacity: 8M
 Heap Initial Capacity: 256M
 Heap Max Capacity: 4G
 Pre-touch: Disabled
 Parallel Workers: 10
 Concurrent Workers: 3
 Concurrent Refinement Workers: 10
 Periodic GC: Disabled
Heap:
 garbage-first heap   total 198656K, used 56438K [0x0000000700000000, 0x0000000800000000)
  region size 2048K, 1 young (2048K), 0 survivors (0K)
 Metaspace       used 37986K, committed 38336K, reserved 1114112K
  class space    used 4496K, committed 4672K, reserved 1048576K
GC Heap History (20 events):
Event: 1701.280 GC heap before
{Heap before GC invocations=233 (full 168):
 garbage-first heap   total 204800K, used 59067K [0x0000000700000000, 0x0000000800000000)
  region size 2048K, 1 young (2048K), 0 survivors (0K)
 Metaspace       used 37985K, committed 38336K, reserved 1114112K
  class space    used 4496K, committed 4672K, reserved 1048576K
}
Event: 1701.322 GC heap after
{Heap after GC invocations=234 (full 169):
 garbage-first heap   total 204800K, used 57017K [0x0000000700000000, 0x0000000800000000)
  region size 2048K, 0 young (0K), 0 survivors (0K)
 Metaspace       used 37985K, committed 38336K, reserved 1114112K
  class space    used 4496K, committed 4672K, reserved 1048576K
}
Event: 1701.511 GC heap before
{Heap before GC invocations=234 (full 169):
 garbage-first heap   total 204800K, used 59065K [0x0000000700000000, 0x0000000800000000)
  region size 2048K, 1 young (2048K), 0 survivors (0K)
 Metaspace       used 37985K, committed 38336K, reserved 1114112K
  class space    used 4496K, committed 4672K, reserved 1048576K
}
Event: 1701.555 GC heap after
{Heap after GC invocations=235 (full 170):
 garbage-first heap   total 204800K, used 57586K [0x0000000700000000, 0x0000000800000000)
  region size 2048K, 0 young (0K), 0 survivors (0K)
 Metaspace       used 37985K, committed 38336K, reserved 1114112K
  class space    used 4496K, committed 4672K, reserved 1048576K
}
Event: 1701.765 GC heap before
{Heap before GC invocations=235 (full 170):
 garbage-first heap   total 204800K, used 59634K [0x0000000700000000, 0x0000000800000000)
  region size 2048K, 1 young (2048K), 0 survivors (0K)
 Metaspace       used 37985K, committed 38336K, reserved 1114112K
  class space    used 4496K, committed 4672K, reserved 1048576K
}
Event: 1701.809 GC heap after
{Heap after GC invocations=236 (full 171):
 garbage-first heap   total 204800K, used 57046K [0x0000000700000000, 0x0000000800000000)
  region size 2048K, 0 young (0K), 0 survivors (0K)
 Metaspace       used 37985K, committed 38336K, reserved 1114112K
  class space    used 4496K, committed 4672K, reserved 1048576K
}
Event: 1701.992 GC heap before
{Heap before GC invocations=236 (full 171):
 garbage-first heap   total 204800K, used 59094K [0x0000000700000000, 0x0000000800000000)
  region size 2048K, 1 young (2048K), 0 survivors (0K)
 Metaspace       used 37985K, committed 38336K, reserved 1114112K
  class space    used 4496K, committed 4672K, reserved 1048576K
}
Event: 1702.038 GC heap after
{Heap after GC invocations=237 (full 172):
 garbage-first heap   total 204800K, used 57007K [0x0000000700000000, 0x0000000800000000)
  region size 2048K, 0 young (0K), 0 survivors (0K)
 Metaspace       used 37985K, committed 38336K, reserved 1114112K
  class space    used 4496K, committed 4672K, reserved 1048576K
}
Event: 1702.217 GC heap before
{Heap before GC invocations=237 (full 172):
 garbage-first heap   total 204800K, used 59055K [0x0000000700000000, 0x0000000800000000)
  region size 2048K, 1 young (2048K), 0 survivors (0K)
 Metaspace       used 37985K, committed 38336K, reserved 1114112K
  class space    used 4496K, committed 4672K, reserved 1048576K
}
Event: 1702.264 GC heap after
{Heap after GC invocations=238 (full 173):
 garbage-first heap   total 204800K, used 57007K [0x0000000700000000, 0x0000000800000000)
  region size 2048K, 0 young (0K), 0 survivors (0K)
 Metaspace       used 37985K, committed 38336K, reserved 1114112K
  class space    used 4496K, committed 4672K, reserved 1048576K
}
Event: 1702.441 GC heap before
{Heap before GC invocations=238 (full 173):
 garbage-first heap   total 204800K, used 59055K [0x0000000700000000, 0x0000000800000000)
  region size 2048K, 1 young (2048K), 0 survivors (0K)
 Metaspace       used 37985K, committed 38336K, reserved 1114112K
  class space    used 4496K, committed 4672K, reserved 1048576K
}
Event: 1702.488 GC heap after
{Heap after GC invocations=239 (full 174):
 garbage-first heap   total 204800K, used 56634K [0x0000000700000000, 0x0000000800000000)
  region size 2048K, 0 young (0K), 0 survivors (0K)
 Metaspace       used 37985K, committed 38336K, reserved 1114112K
  class space    used 4496K, committed 4672K, reserved 1048576K
}
Event: 1703.031 GC heap before
{Heap before GC invocations=239 (full 174):
 garbage-first heap   total 204800K, used 62778K [0x0000000700000000, 0x0000000800000000)
  region size 2048K, 4 young (8192K), 0 survivors (0K)
 Metaspace       used 37986K, committed 38336K, reserved 1114112K
  class space    used 4496K, committed 4672K, reserved 1048576K
}
Event: 1703.074 GC heap after
{Heap after GC invocations=240 (full 175):
 garbage-first heap   total 198656K, used 54963K [0x0000000700000000, 0x0000000800000000)
  region size 2048K, 0 young (0K), 0 survivors (0K)
 Metaspace       used 37986K, committed 38336K, reserved 1114112K
  class space    used 4496K, committed 4672K, reserved 1048576K
}
Event: 1703.117 GC heap before
{Heap before GC invocations=240 (full 175):
 garbage-first heap   total 198656K, used 63155K [0x0000000700000000, 0x0000000800000000)
  region size 2048K, 1 young (2048K), 0 survivors (0K)
 Metaspace       used 37986K, committed 38336K, reserved 1114112K
  class space    used 4496K, committed 4672K, reserved 1048576K
}
Event: 1703.161 GC heap after
{Heap after GC invocations=241 (full 176):
 garbage-first heap   total 198656K, used 58579K [0x0000000700000000, 0x0000000800000000)
  region size 2048K, 0 young (0K), 0 survivors (0K)
 Metaspace       used 37986K, committed 38336K, reserved 1114112K
  class space    used 4496K, committed 4672K, reserved 1048576K
}
Event: 1703.176 GC heap before
{Heap before GC invocations=241 (full 176):
 garbage-first heap   total 198656K, used 60627K [0x0000000700000000, 0x0000000800000000)
  region size 2048K, 1 young (2048K), 0 survivors (0K)
 Metaspace       used 37986K, committed 38336K, reserved 1114112K
  class space    used 4496K, committed 4672K, reserved 1048576K
}
Event: 1703.243 GC heap after
{Heap after GC invocations=242 (full 177):
 garbage-first heap   total 198656K, used 56469K [0x0000000700000000, 0x0000000800000000)
  region size 2048K, 0 young (0K), 0 survivors (0K)
 Metaspace       used 37986K, committed 38336K, reserved 1114112K
  class space    used 4496K, committed 4672K, reserved 1048576K
}
Event: 1703.562 GC heap before
{Heap before GC invocations=242 (full 177):
 garbage-first heap   total 198656K, used 58517K [0x0000000700000000, 0x0000000800000000)
  region size 2048K, 1 young (2048K), 0 survivors (0K)
 Metaspace       used 37986K, committed 38336K, reserved 1114112K
  class space    used 4496K, committed 4672K, reserved 1048576K
}
Event: 1703.603 GC heap after
{Heap after GC invocations=243 (full 178):
 garbage-first heap   total 198656K, used 56438K [0x0000000700000000, 0x0000000800000000)
  region size 2048K, 0 young (0K), 0 survivors (0K)
 Metaspace       used 37986K, committed 38336K, reserved 1114112K
  class space    used 4496K, committed 4672K, reserved 1048576K
}

