# JRE version: Java(TM) SE Runtime Environment (25.0.1+8) (build 25.0.1+8-LTS-27)
# Java VM: Java HotSpot(TM) 64-Bit Server VM (25.0.1+8-LTS-27, mixed mode, sharing, tiered, compressed oops, compressed class ptrs, g1 gc, windows-amd64)
GC Precious Log:
 CardTable entry size: 512
 Card Set container configuration: InlinePtr #cards 5 size 8 Array Of Cards #cards 10 size 36 Howl #buckets 4 coarsen threshold 1843 Howl Bitmap #cards 512 size 80 coarsen threshold 460 Card regions per heap region 1 cards per card region 2048
 CPUs: 12 total, 12 available
 Memory: 6005M
 Large Page Support: Disabled
 NUMA Support: Disabled
 Compressed Oops: Enabled (32-bit)
 Heap Region Size: 1M
 Heap Min Capacity: 8M
 Heap Initial Capacity: 94M
 Heap Max Capacity: 1502M
 Pre-touch: Disabled
 Parallel Workers: 10
 Concurrent Workers: 3
 Concurrent Refinement Workers: 10
 Periodic GC: Disabled
Heap:
 garbage-first heap   total reserved 1538048K, committed 114688K, used 45483K [0x00000000a2200000, 0x0000000100000000)
  region size 1024K, 9 young (9216K), 3 survivors (3072K)
GC Heap Usage History (20 events):
Event: 40.764 {heap Before GC invocations=10 (full 0):
 garbage-first heap   total reserved 1538048K, committed 104448K, used 78345K [0x00000000a2200000, 0x0000000100000000)
  region size 1024K, 14 young (14336K), 1 survivors (1024K)
}
Event: 40.766 {heap After GC invocations=11 (full 0):
 garbage-first heap   total reserved 1538048K, committed 104448K, used 65106K [0x00000000a2200000, 0x0000000100000000)
  region size 1024K, 1 young (1024K), 1 survivors (1024K)
}
Event: 41.830 {heap Before GC invocations=11 (full 0):
 garbage-first heap   total reserved 1538048K, committed 104448K, used 79442K [0x00000000a2200000, 0x0000000100000000)
  region size 1024K, 16 young (16384K), 1 survivors (1024K)
}
Event: 41.833 {heap After GC invocations=12 (full 0):
 garbage-first heap   total reserved 1538048K, committed 104448K, used 65983K [0x00000000a2200000, 0x0000000100000000)
  region size 1024K, 2 young (2048K), 2 survivors (2048K)
}
Event: 42.657 {heap Before GC invocations=13 (full 0):
 garbage-first heap   total reserved 1538048K, committed 104448K, used 50623K [0x00000000a2200000, 0x0000000100000000)
  region size 1024K, 18 young (18432K), 2 survivors (2048K)
}
Event: 42.663 {heap After GC invocations=14 (full 0):
 garbage-first heap   total reserved 1538048K, committed 104448K, used 42030K [0x00000000a2200000, 0x0000000100000000)
  region size 1024K, 3 young (3072K), 3 survivors (3072K)
}
Event: 44.951 {heap Before GC invocations=14 (full 0):
 garbage-first heap   total reserved 1538048K, committed 104448K, used 69678K [0x00000000a2200000, 0x0000000100000000)
  region size 1024K, 31 young (31744K), 3 survivors (3072K)
}
Event: 44.954 {heap After GC invocations=15 (full 0):
 garbage-first heap   total reserved 1538048K, committed 104448K, used 32895K [0x00000000a2200000, 0x0000000100000000)
  region size 1024K, 1 young (1024K), 1 survivors (1024K)
}
Event: 60.364 {heap Before GC invocations=15 (full 0):
 garbage-first heap   total reserved 1538048K, committed 104448K, used 68735K [0x00000000a2200000, 0x0000000100000000)
  region size 1024K, 37 young (37888K), 1 survivors (1024K)
}
Event: 60.370 {heap After GC invocations=16 (full 0):
 garbage-first heap   total reserved 1538048K, committed 104448K, used 37689K [0x00000000a2200000, 0x0000000100000000)
  region size 1024K, 5 young (5120K), 5 survivors (5120K)
}
Event: 60.980 {heap Before GC invocations=16 (full 0):
 garbage-first heap   total reserved 1538048K, committed 104448K, used 59193K [0x00000000a2200000, 0x0000000100000000)
  region size 1024K, 28 young (28672K), 5 survivors (5120K)
}
Event: 60.986 {heap After GC invocations=17 (full 0):
 garbage-first heap   total reserved 1538048K, committed 104448K, used 45394K [0x00000000a2200000, 0x0000000100000000)
  region size 1024K, 6 young (6144K), 6 survivors (6144K)
}
Event: 62.238 {heap Before GC invocations=18 (full 0):
 garbage-first heap   total reserved 1538048K, committed 111616K, used 109906K [0x00000000a2200000, 0x0000000100000000)
  region size 1024K, 22 young (22528K), 6 survivors (6144K)
}
Event: 62.241 {heap After GC invocations=19 (full 0):
 garbage-first heap   total reserved 1538048K, committed 114688K, used 39717K [0x00000000a2200000, 0x0000000100000000)
  region size 1024K, 2 young (2048K), 2 survivors (2048K)
}
Event: 69.446 {heap Before GC invocations=19 (full 0):
 garbage-first heap   total reserved 1538048K, committed 114688K, used 84773K [0x00000000a2200000, 0x0000000100000000)
  region size 1024K, 47 young (48128K), 2 survivors (2048K)
}
Event: 69.449 {heap After GC invocations=20 (full 0):
 garbage-first heap   total reserved 1538048K, committed 114688K, used 39957K [0x00000000a2200000, 0x0000000100000000)
  region size 1024K, 4 young (4096K), 4 survivors (4096K)
}
Event: 92.717 {heap Before GC invocations=20 (full 0):
 garbage-first heap   total reserved 1538048K, committed 114688K, used 88085K [0x00000000a2200000, 0x0000000100000000)
  region size 1024K, 52 young (53248K), 4 survivors (4096K)
}
Event: 92.723 {heap After GC invocations=21 (full 0):
 garbage-first heap   total reserved 1538048K, committed 114688K, used 42360K [0x00000000a2200000, 0x0000000100000000)
  region size 1024K, 6 young (6144K), 6 survivors (6144K)
}
Event: 116.994 {heap Before GC invocations=22 (full 0):
 garbage-first heap   total reserved 1538048K, committed 114688K, used 89464K [0x00000000a2200000, 0x0000000100000000)
  region size 1024K, 54 young (55296K), 6 survivors (6144K)
}
Event: 117.020 {heap After GC invocations=23 (full 0):
 garbage-first heap   total reserved 1538048K, committed 114688K, used 40363K [0x00000000a2200000, 0x0000000100000000)
  region size 1024K, 3 young (3072K), 3 survivors (3072K)
}

